[2018-01-24T15:30:58+0100] DFHack 0.44.05-alpha1-0-gce1644d6 on Windows; cwd md5: 27d1c9aa05; save: region1; SC_WORLD_UNLOADED; game type NONE (11)
[2018-01-24T15:32:35+0100] DFHack 0.44.05-alpha1-0-gce1644d6 on Windows; cwd md5: 27d1c9aa05; save: region1; SC_WORLD_LOADED; game type DWARF_MAIN (0)
[2018-01-24T16:01:49+0100] DFHack 0.44.05-alpha1-0-gce1644d6 on Windows; cwd md5: 27d1c9aa05; save: region1; SC_MAP_LOADED; game type DWARF_MAIN (0)
[2018-01-24T17:39:38+0100] DFHack 0.44.05-alpha1-0-gce1644d6 on Windows; cwd md5: 27d1c9aa05; save: region1; SC_MAP_UNLOADED; game type DWARF_MAIN (0)
[2018-01-24T17:39:38+0100] DFHack 0.44.05-alpha1-0-gce1644d6 on Windows; cwd md5: 27d1c9aa05; save: region1; SC_WORLD_UNLOADED; game type DWARF_MAIN (0)
[2018-01-24T19:23:57+0100] DFHack 0.44.05-alpha1-0-gce1644d6 on Windows; cwd md5: 27d1c9aa05; save: region1; SC_WORLD_LOADED; game type DWARF_MAIN (0)
[2018-01-24T19:23:57+0100] DFHack 0.44.05-alpha1-0-gce1644d6 on Windows; cwd md5: 27d1c9aa05; save: region1; SC_MAP_LOADED; game type DWARF_MAIN (0)
[2018-01-24T19:39:26+0100] DFHack 0.44.05-alpha1-0-gce1644d6 on Windows; cwd md5: 27d1c9aa05; save: region1; SC_WORLD_LOADED; game type DWARF_MAIN (0)
[2018-01-24T19:39:26+0100] DFHack 0.44.05-alpha1-0-gce1644d6 on Windows; cwd md5: 27d1c9aa05; save: region1; SC_MAP_LOADED; game type DWARF_MAIN (0)
[2018-01-24T19:40:54+0100] DFHack 0.44.05-alpha1-0-gce1644d6 on Windows; cwd md5: 27d1c9aa05; save: region1; SC_WORLD_LOADED; game type DWARF_MAIN (0)
[2018-01-24T19:40:54+0100] DFHack 0.44.05-alpha1-0-gce1644d6 on Windows; cwd md5: 27d1c9aa05; save: region1; SC_MAP_LOADED; game type DWARF_MAIN (0)
[2018-01-25T01:28:24+0100] DFHack 0.44.05-alpha1-0-gce1644d6 on Windows; cwd md5: 27d1c9aa05; save: region1; SC_MAP_UNLOADED; game type DWARF_MAIN (0)
[2018-01-25T01:28:24+0100] DFHack 0.44.05-alpha1-0-gce1644d6 on Windows; cwd md5: 27d1c9aa05; save: region1; SC_WORLD_UNLOADED; game type DWARF_MAIN (0)
[2018-01-25T13:48:31+0100] DFHack 0.44.05-alpha1-0-gce1644d6 on Windows; cwd md5: 27d1c9aa05; save: region1; SC_WORLD_LOADED; game type DWARF_MAIN (0)
[2018-01-25T13:48:31+0100] DFHack 0.44.05-alpha1-0-gce1644d6 on Windows; cwd md5: 27d1c9aa05; save: region1; SC_MAP_LOADED; game type DWARF_MAIN (0)
[2018-01-25T15:17:24+0100] DFHack 0.44.05-alpha1-0-gce1644d6 on Windows; cwd md5: 27d1c9aa05; save: region1; SC_MAP_UNLOADED; game type DWARF_MAIN (0)
[2018-01-25T15:17:24+0100] DFHack 0.44.05-alpha1-0-gce1644d6 on Windows; cwd md5: 27d1c9aa05; save: region1; SC_WORLD_UNLOADED; game type DWARF_MAIN (0)
[2018-01-25T18:35:46+0100] DFHack 0.44.05-alpha1-0-gce1644d6 on Windows; cwd md5: 27d1c9aa05; save: region1; SC_WORLD_LOADED; game type DWARF_MAIN (0)
[2018-01-25T18:35:46+0100] DFHack 0.44.05-alpha1-0-gce1644d6 on Windows; cwd md5: 27d1c9aa05; save: region1; SC_MAP_LOADED; game type DWARF_MAIN (0)
[2018-01-26T13:04:26+0100] DFHack 0.44.05-alpha1-0-gce1644d6 on Windows; cwd md5: 27d1c9aa05; save: region1; SC_MAP_UNLOADED; game type DWARF_MAIN (0)
[2018-01-26T13:04:26+0100] DFHack 0.44.05-alpha1-0-gce1644d6 on Windows; cwd md5: 27d1c9aa05; save: region1; SC_WORLD_UNLOADED; game type DWARF_MAIN (0)
[2018-01-26T13:03:15+0100] DFHack 0.44.05-alpha1-0-gce1644d6 on Windows; cwd md5: 27d1c9aa05; save: region1; SC_WORLD_LOADED; game type DWARF_MAIN (0)
[2018-01-26T13:03:15+0100] DFHack 0.44.05-alpha1-0-gce1644d6 on Windows; cwd md5: 27d1c9aa05; save: region1; SC_MAP_LOADED; game type DWARF_MAIN (0)
[2018-01-26T16:07:21+0100] DFHack 0.44.05-alpha1-0-gce1644d6 on Windows; cwd md5: 27d1c9aa05; save: region1; SC_MAP_UNLOADED; game type DWARF_MAIN (0)
[2018-01-26T16:07:22+0100] DFHack 0.44.05-alpha1-0-gce1644d6 on Windows; cwd md5: 27d1c9aa05; save: region1; SC_WORLD_UNLOADED; game type DWARF_MAIN (0)
[2018-01-28T12:33:37+0100] DFHack 0.44.05-alpha1-0-gce1644d6 on Windows; cwd md5: 27d1c9aa05; save: region1; SC_WORLD_LOADED; game type DWARF_MAIN (0)
[2018-01-28T12:33:38+0100] DFHack 0.44.05-alpha1-0-gce1644d6 on Windows; cwd md5: 27d1c9aa05; save: region1; SC_MAP_LOADED; game type DWARF_MAIN (0)
[2018-01-28T12:56:41+0100] DFHack 0.44.05-alpha1-0-gce1644d6 on Windows; cwd md5: 27d1c9aa05; save: region1; SC_MAP_UNLOADED; game type DWARF_MAIN (0)
[2018-01-28T12:56:41+0100] DFHack 0.44.05-alpha1-0-gce1644d6 on Windows; cwd md5: 27d1c9aa05; save: region1; SC_WORLD_UNLOADED; game type DWARF_MAIN (0)
[2018-01-29T13:42:10+0100] DFHack 0.44.05-alpha1-0-gce1644d6 on Windows; cwd md5: 27d1c9aa05; save: region1; SC_WORLD_LOADED; game type DWARF_MAIN (0)
[2018-01-29T13:42:10+0100] DFHack 0.44.05-alpha1-0-gce1644d6 on Windows; cwd md5: 27d1c9aa05; save: region1; SC_MAP_LOADED; game type DWARF_MAIN (0)
[2018-01-29T14:03:45+0100] DFHack 0.44.05-alpha1-0-gce1644d6 on Windows; cwd md5: 27d1c9aa05; save: region1; SC_MAP_UNLOADED; game type DWARF_MAIN (0)
[2018-01-29T14:03:45+0100] DFHack 0.44.05-alpha1-0-gce1644d6 on Windows; cwd md5: 27d1c9aa05; save: region1; SC_WORLD_UNLOADED; game type DWARF_MAIN (0)
[2018-01-30T20:47:16+0100] DFHack 0.44.05-alpha1-0-gce1644d6 on Windows; cwd md5: 27d1c9aa05; save: region1; SC_WORLD_LOADED; game type DWARF_MAIN (0)
[2018-01-30T20:47:16+0100] DFHack 0.44.05-alpha1-0-gce1644d6 on Windows; cwd md5: 27d1c9aa05; save: region1; SC_MAP_LOADED; game type DWARF_MAIN (0)
[2018-02-02T13:43:42+0100] DFHack 0.44.05-alpha1-0-gce1644d6 on Windows; cwd md5: 27d1c9aa05; save: region1; SC_MAP_UNLOADED; game type DWARF_MAIN (0)
[2018-02-02T13:43:42+0100] DFHack 0.44.05-alpha1-0-gce1644d6 on Windows; cwd md5: 27d1c9aa05; save: region1; SC_WORLD_UNLOADED; game type DWARF_MAIN (0)
[2018-02-02T13:43:41+0100] DFHack 0.44.05-alpha1-0-gce1644d6 on Windows; cwd md5: 27d1c9aa05; save: region1; SC_WORLD_LOADED; game type DWARF_MAIN (0)
[2018-02-02T13:43:41+0100] DFHack 0.44.05-alpha1-0-gce1644d6 on Windows; cwd md5: 27d1c9aa05; save: region1; SC_MAP_LOADED; game type DWARF_MAIN (0)
[2018-02-02T17:03:52+0100] DFHack 0.44.05-alpha1-0-gce1644d6 on Windows; cwd md5: 27d1c9aa05; save: region1; SC_MAP_UNLOADED; game type DWARF_MAIN (0)
[2018-02-02T17:03:52+0100] DFHack 0.44.05-alpha1-0-gce1644d6 on Windows; cwd md5: 27d1c9aa05; save: region1; SC_WORLD_UNLOADED; game type DWARF_MAIN (0)
